<?xml version="1.0" encoding="UTF-8"?>
<!-- Generated by org.testng.reporters.JUnitReportReporter -->
<testsuite hostname="DESKTOP-BLODHQD" failures="0" tests="1" name="com.mystore.testcases.OrderPageTest" time="21.124" errors="0" timestamp="2023-08-11T00:43:47 IST" skipped="0">
  <testcase classname="com.mystore.testcases.OrderPageTest" name="verifyTotalPrice" time="21.124"/>
  <system-out/>
</testsuite> <!-- com.mystore.testcases.OrderPageTest -->
