<?xml version="1.0" encoding="UTF-8"?>
<!-- Generated by org.testng.reporters.JUnitReportReporter -->
<testsuite hostname="DESKTOP-BLODHQD" failures="0" tests="2" name="com.mystore.testcases.HomePageTest" time="24.656" errors="0" timestamp="2023-08-11T00:46:11 IST" skipped="0">
  <testcase classname="com.mystore.testcases.HomePageTest" name="verifyLoggedInAs" time="10.155"/>
  <system-out/>
  <testcase classname="com.mystore.testcases.HomePageTest" name="clickOnProductsTest" time="14.501"/>
  <system-out/>
</testsuite> <!-- com.mystore.testcases.HomePageTest -->
