<?xml version="1.0" encoding="UTF-8"?>
<!-- Generated by org.testng.reporters.JUnitReportReporter -->
<testsuite hostname="DESKTOP-BLODHQD" failures="0" tests="1" name="com.mystore.utility.NewExcelLibrary" time="0.618" errors="0" timestamp="2023-08-09T01:21:26 IST" skipped="0">
  <testcase classname="com.mystore.utility.NewExcelLibrary" name="readExcelFile" time="0.618"/>
  <system-out/>
</testsuite> <!-- com.mystore.utility.NewExcelLibrary -->
