<?xml version="1.0" encoding="UTF-8"?>
<!-- Generated by org.testng.reporters.JUnitReportReporter -->
<testsuite hostname="DESKTOP-BLODHQD" failures="0" tests="2" name="com.mystore.testcases.IndexPageTest" time="13.896" errors="0" timestamp="2023-08-11T00:46:11 IST" skipped="0">
  <testcase classname="com.mystore.testcases.IndexPageTest" name="verifyTitle" time="4.892"/>
  <system-out/>
  <testcase classname="com.mystore.testcases.IndexPageTest" name="verifyLogo" time="9.004"/>
  <system-out/>
</testsuite> <!-- com.mystore.testcases.IndexPageTest -->
