<?xml version="1.0" encoding="UTF-8"?>
<!-- Generated by org.testng.reporters.JUnitReportReporter -->
<testsuite hostname="DESKTOP-BLODHQD" failures="0" tests="1" name="com.mystore.testcases.ProductPageTest" time="26.283" errors="0" timestamp="2023-08-11T00:46:11 IST" skipped="0">
  <testcase classname="com.mystore.testcases.ProductPageTest" name="searchProductTest" time="26.283"/>
  <system-out/>
</testsuite> <!-- com.mystore.testcases.ProductPageTest -->
