<?xml version="1.0" encoding="UTF-8"?>
<!-- Generated by org.testng.reporters.JUnitReportReporter -->
<testsuite hostname="DESKTOP-BLODHQD" failures="0" tests="1" name="com.mystore.testcases.EndToEndPaseTest" time="43.727" errors="0" timestamp="2023-08-11T00:43:47 IST" skipped="0">
  <testcase classname="com.mystore.testcases.EndToEndPaseTest" name="endToEndTest" time="43.727"/>
  <system-out/>
</testsuite> <!-- com.mystore.testcases.EndToEndPaseTest -->
